2024-12-14 17:26:15,152 - DEBUG - num_count 3
2024-12-14 17:26:16,715 - DEBUG - num_count 3
2024-12-14 17:26:21,389 - DEBUG - num_count 3
2024-12-14 17:26:25,820 - DEBUG - num_count 3
2024-12-14 17:26:27,379 - DEBUG - num_count 1
2024-12-14 17:27:54,162 - DEBUG - num_count 3
2024-12-14 17:27:56,409 - DEBUG - num_count 3
2024-12-14 17:27:58,291 - DEBUG - num_count 3
2024-12-14 17:28:01,913 - DEBUG - num_count 3
2024-12-14 17:28:02,728 - DEBUG - num_count 1
2024-12-14 17:28:14,937 - DEBUG - num_count 3
2024-12-14 17:28:16,431 - DEBUG - num_count 3
2024-12-14 17:28:18,425 - DEBUG - num_count 3
2024-12-14 17:28:20,863 - DEBUG - num_count 3
2024-12-14 17:28:21,988 - DEBUG - num_count 1
2024-12-14 17:28:39,778 - DEBUG - generate_hitori_grid 3, 4, True
2024-12-14 17:28:39,778 - DEBUG - max_value 6
2024-12-14 17:28:39,778 - DEBUG - Attempt 1: [[6, 2, 3], [5, 4, 2], [4, 3, 5], [2, 1, 3]]
2024-12-14 17:29:16,928 - DEBUG - generate_hitori_grid 4, 5, True
2024-12-14 17:29:16,928 - DEBUG - max_value 7
2024-12-14 17:29:16,928 - DEBUG - Attempt 1: [[2, 1, 5, 2], [1, 3, 1, 5], [6, 1, 2, 4], [2, 7, 5, 1], [7, 1, 7, 6]]
2024-12-14 17:29:16,933 - DEBUG - Attempt 2: [[7, 4, 2, 7], [4, 2, 1, 3], [7, 3, 4, 7], [1, 7, 1, 6], [5, 4, 6, 2]]
2024-12-14 17:30:18,179 - DEBUG - generate_hitori_grid 4, 5, True
2024-12-14 17:30:18,179 - DEBUG - max_value 5
2024-12-14 17:30:18,179 - DEBUG - Attempt 1: [[2, 3, 2, 1], [4, 5, 3, 5], [5, 1, 2, 4], [3, 5, 1, 3], [1, 2, 5, 1]]
2024-12-14 17:30:18,183 - DEBUG - Attempt 2: [[4, 1, 5, 2], [1, 2, 3, 1], [2, 1, 2, 4], [3, 5, 3, 5], [5, 3, 4, 3]]
2024-12-14 17:30:18,187 - DEBUG - Attempt 3: [[4, 5, 2, 5], [5, 1, 4, 1], [1, 2, 3, 4], [4, 1, 5, 1], [2, 3, 4, 3]]
2024-12-14 17:30:18,191 - DEBUG - Attempt 4: [[1, 4, 3, 5], [5, 3, 5, 1], [2, 1, 3, 2], [3, 2, 4, 5], [2, 4, 1, 3]]
2024-12-14 17:30:18,195 - DEBUG - Attempt 5: [[2, 5, 1, 5], [1, 2, 4, 2], [4, 3, 2, 1], [5, 1, 3, 5], [4, 5, 4, 3]]
2024-12-14 17:30:18,199 - DEBUG - Attempt 6: [[4, 3, 2, 5], [5, 2, 5, 2], [3, 5, 1, 3], [1, 4, 5, 2], [2, 3, 1, 4]]
2024-12-14 17:30:18,202 - DEBUG - Attempt 7: [[3, 1, 3, 1], [2, 5, 1, 4], [1, 4, 2, 5], [3, 5, 3, 4], [2, 3, 1, 2]]
2024-12-14 17:30:18,210 - DEBUG - Attempt 8: [[1, 5, 1, 3], [2, 3, 2, 4], [3, 2, 1, 5], [1, 3, 4, 1], [3, 2, 5, 2]]
2024-12-14 17:30:18,217 - DEBUG - Attempt 9: [[2, 4, 5, 4], [4, 3, 2, 1], [3, 4, 5, 4], [4, 2, 4, 1], [2, 1, 3, 2]]
2024-12-14 17:30:18,225 - DEBUG - Attempt 10: [[5, 2, 4, 1], [4, 1, 2, 3], [2, 4, 5, 4], [1, 3, 4, 3], [3, 4, 5, 4]]
2024-12-14 17:30:18,228 - DEBUG - Attempt 11: [[3, 4, 2, 5], [4, 5, 3, 2], [3, 1, 5, 4], [4, 3, 2, 5], [1, 4, 3, 2]]
2024-12-14 17:30:18,235 - DEBUG - Attempt 12: [[5, 4, 5, 3], [3, 5, 1, 5], [1, 2, 3, 4], [3, 5, 1, 5], [1, 3, 2, 4]]
2024-12-14 17:30:18,241 - DEBUG - Attempt 13: [[3, 2, 4, 1], [1, 5, 3, 4], [3, 1, 5, 3], [4, 5, 1, 2], [5, 2, 4, 5]]
2024-12-14 17:30:18,246 - DEBUG - Attempt 14: [[4, 1, 4, 3], [2, 4, 3, 1], [4, 5, 4, 5], [1, 2, 5, 1], [5, 4, 2, 3]]
2024-12-14 17:30:18,252 - DEBUG - Attempt 15: [[1, 4, 1, 2], [3, 1, 3, 4], [4, 3, 5, 3], [3, 2, 4, 1], [5, 1, 2, 4]]
2024-12-14 17:30:32,745 - DEBUG - generate_hitori_grid 3, 4, True
2024-12-14 17:30:32,745 - DEBUG - max_value 4
2024-12-14 17:30:32,745 - DEBUG - Attempt 1: [[3, 2, 4], [2, 3, 1], [1, 2, 4], [2, 1, 3]]
2024-12-14 17:41:57,194 - DEBUG - generate_hitori_grid 3, 3, False
2024-12-14 17:41:57,194 - DEBUG - Attempt 1: [[3, 2, 3], [2, 3, 1], [3, 1, 3]]
2024-12-14 17:59:38,675 - DEBUG - generate_hitori_grid 4, 4, False
2024-12-14 17:59:38,675 - DEBUG - Attempt 1: [[2, 4, 2, 1], [1, 3, 1, 2], [4, 2, 4, 1], [3, 4, 1, 3]]
2024-12-14 17:59:38,682 - DEBUG - Attempt 2: [[2, 1, 3, 1], [3, 4, 1, 2], [2, 1, 4, 3], [4, 3, 1, 4]]
2024-12-14 17:59:42,668 - DEBUG - num_count 3
2024-12-14 17:59:43,858 - DEBUG - num_count 3
2024-12-14 17:59:44,923 - DEBUG - num_count 3
2024-12-14 18:01:38,132 - DEBUG - num_count 3
2024-12-14 18:05:44,452 - DEBUG - generate_hitori_grid 3, 3, False
2024-12-14 18:05:44,452 - DEBUG - Attempt 1: [[1, 3, 2], [3, 1, 3], [2, 3, 1]]
2024-12-14 18:05:44,452 - DEBUG - Attempt 2: [[2, 1, 3], [3, 2, 1], [1, 3, 2]]
2024-12-14 18:11:12,067 - DEBUG - num_count 3
2024-12-14 18:11:17,676 - DEBUG - num_count 3
2024-12-14 18:11:47,638 - DEBUG - num_count 3
2024-12-14 18:11:49,455 - DEBUG - num_count 3
2024-12-14 18:11:50,889 - DEBUG - num_count 3
2024-12-14 18:12:00,499 - DEBUG - num_count 3
2024-12-14 18:12:02,993 - DEBUG - num_count 3
2024-12-14 18:12:05,115 - DEBUG - num_count 3
2024-12-14 18:16:56,743 - DEBUG - num_count 3
2024-12-14 18:16:58,368 - DEBUG - num_count 3
2024-12-14 18:17:02,369 - DEBUG - num_count 3
2024-12-14 18:59:33,620 - DEBUG - generate_hitori_grid 3, 3, False
2024-12-14 18:59:33,620 - DEBUG - Attempt 1: [[2, 1, 3], [3, 2, 1], [1, 3, 2]]
